[0m01:05:29.520088 [debug] [MainThread]: Sending event: {'category': 'dbt', 'action': 'invocation', 'label': 'start', 'context': [<snowplow_tracker.self_describing_json.SelfDescribingJson object at 0x0000028711267880>, <snowplow_tracker.self_describing_json.SelfDescribingJson object at 0x00000287132E9B50>, <snowplow_tracker.self_describing_json.SelfDescribingJson object at 0x00000287132E9D60>]}


============================== 01:05:29.526729 | 5cad5489-7339-4e20-b443-f89005f3f643 ==============================
[0m01:05:29.526729 [info ] [MainThread]: Running with dbt=1.9.4
[0m01:05:29.527026 [debug] [MainThread]: running dbt with arguments {'printer_width': '80', 'indirect_selection': 'eager', 'log_cache_events': 'False', 'write_json': 'True', 'partial_parse': 'True', 'cache_selected_only': 'False', 'profiles_dir': 'C:\\Users\\BeeClick\\.dbt', 'debug': 'False', 'fail_fast': 'False', 'log_path': 'logs', 'warn_error': 'None', 'version_check': 'True', 'use_colors': 'True', 'use_experimental_parser': 'False', 'no_print': 'None', 'quiet': 'False', 'empty': 'None', 'warn_error_options': 'WarnErrorOptions(include=[], exclude=[])', 'invocation_command': 'dbt init', 'introspect': 'True', 'log_format': 'default', 'target_path': 'None', 'static_parser': 'True', 'send_anonymous_usage_stats': 'True'}
[0m01:05:49.904354 [debug] [MainThread]: Starter project path: C:\Users\BeeClick\Desktop\e2e_ELT\elt_venv\lib\site-packages\dbt\include\starter_project
[0m01:05:49.982159 [info ] [MainThread]: 
Your new dbt project "snowflake_dbt" was created!

For more information on how to configure the profiles.yml file,
please consult the dbt documentation here:

  https://docs.getdbt.com/docs/configure-your-profile

One more thing:

Need help? Don't hesitate to reach out to us via GitHub issues or on Slack:

  https://community.getdbt.com/

Happy modeling!

[0m01:05:49.982159 [info ] [MainThread]: Setting up your profile.
[0m01:10:44.016681 [info ] [MainThread]: Profile snowflake_dbt written to C:\Users\BeeClick\.dbt\profiles.yml using target's profile_template.yml and your supplied values. Run 'dbt debug' to validate the connection.
[0m01:10:44.020357 [debug] [MainThread]: Command `dbt init` succeeded at 01:10:44.016681 after 314.59 seconds
[0m01:10:44.020357 [debug] [MainThread]: Sending event: {'category': 'dbt', 'action': 'invocation', 'label': 'end', 'context': [<snowplow_tracker.self_describing_json.SelfDescribingJson object at 0x0000028711267880>, <snowplow_tracker.self_describing_json.SelfDescribingJson object at 0x00000287132E9DC0>, <snowplow_tracker.self_describing_json.SelfDescribingJson object at 0x00000287132CBDC0>]}
[0m01:10:44.021366 [debug] [MainThread]: Flushing usage events
[0m01:10:44.631076 [debug] [MainThread]: An error was encountered while trying to flush usage events
[0m01:59:35.391474 [debug] [MainThread]: Sending event: {'category': 'dbt', 'action': 'invocation', 'label': 'start', 'context': [<snowplow_tracker.self_describing_json.SelfDescribingJson object at 0x0000023BB3CA7880>, <snowplow_tracker.self_describing_json.SelfDescribingJson object at 0x0000023BB5D1D490>, <snowplow_tracker.self_describing_json.SelfDescribingJson object at 0x0000023BB5D1D280>]}


============================== 01:59:35.391474 | d52461d9-a6d1-4c12-a630-f1551528ed8c ==============================
[0m01:59:35.391474 [info ] [MainThread]: Running with dbt=1.9.4
[0m01:59:35.391474 [debug] [MainThread]: running dbt with arguments {'printer_width': '80', 'indirect_selection': 'eager', 'log_cache_events': 'False', 'write_json': 'True', 'partial_parse': 'True', 'cache_selected_only': 'False', 'warn_error': 'None', 'debug': 'False', 'fail_fast': 'False', 'log_path': 'logs', 'version_check': 'True', 'profiles_dir': 'C:\\Users\\BeeClick\\.dbt', 'use_colors': 'True', 'use_experimental_parser': 'False', 'no_print': 'None', 'quiet': 'False', 'empty': 'False', 'log_format': 'default', 'static_parser': 'True', 'introspect': 'True', 'warn_error_options': 'WarnErrorOptions(include=[], exclude=[])', 'target_path': 'None', 'invocation_command': 'dbt run', 'send_anonymous_usage_stats': 'True'}
[0m01:59:35.391474 [error] [MainThread]: Encountered an error:
Runtime Error
  No dbt_project.yml found at expected path C:\Users\BeeClick\Desktop\e2e_ELT\dbt_project.yml
  Verify that each entry within packages.yml (and their transitive dependencies) contains a file named dbt_project.yml
  
[0m01:59:35.391474 [debug] [MainThread]: Command `dbt run` failed at 01:59:35.391474 after 0.10 seconds
[0m01:59:35.391474 [debug] [MainThread]: Sending event: {'category': 'dbt', 'action': 'invocation', 'label': 'end', 'context': [<snowplow_tracker.self_describing_json.SelfDescribingJson object at 0x0000023BB3CA7880>, <snowplow_tracker.self_describing_json.SelfDescribingJson object at 0x0000023BB5D1D340>, <snowplow_tracker.self_describing_json.SelfDescribingJson object at 0x0000023BB5D1D550>]}
[0m01:59:35.391474 [debug] [MainThread]: Flushing usage events
[0m01:59:35.943056 [debug] [MainThread]: An error was encountered while trying to flush usage events
[0m20:16:47.825368 [debug] [MainThread]: Sending event: {'category': 'dbt', 'action': 'invocation', 'label': 'start', 'context': [<snowplow_tracker.self_describing_json.SelfDescribingJson object at 0x000001EFD6A18820>, <snowplow_tracker.self_describing_json.SelfDescribingJson object at 0x000001EFD8A8E460>, <snowplow_tracker.self_describing_json.SelfDescribingJson object at 0x000001EFD8A8E250>]}


============================== 20:16:47.835462 | 63473ec8-4734-4997-8915-820c4377418c ==============================
[0m20:16:47.835462 [info ] [MainThread]: Running with dbt=1.9.4
[0m20:16:47.835462 [debug] [MainThread]: running dbt with arguments {'printer_width': '80', 'indirect_selection': 'eager', 'write_json': 'True', 'log_cache_events': 'False', 'partial_parse': 'True', 'cache_selected_only': 'False', 'profiles_dir': 'C:\\Users\\BeeClick\\.dbt', 'fail_fast': 'False', 'warn_error': 'None', 'log_path': 'logs', 'debug': 'False', 'version_check': 'True', 'use_colors': 'True', 'use_experimental_parser': 'False', 'empty': 'False', 'quiet': 'False', 'no_print': 'None', 'log_format': 'default', 'static_parser': 'True', 'introspect': 'True', 'invocation_command': 'dbt run', 'target_path': 'None', 'warn_error_options': 'WarnErrorOptions(include=[], exclude=[])', 'send_anonymous_usage_stats': 'True'}
[0m20:16:47.835462 [error] [MainThread]: Encountered an error:
Runtime Error
  No dbt_project.yml found at expected path C:\Users\BeeClick\Desktop\e2e_ELT\dbt_project.yml
  Verify that each entry within packages.yml (and their transitive dependencies) contains a file named dbt_project.yml
  
[0m20:16:47.835462 [debug] [MainThread]: Command `dbt run` failed at 20:16:47.835462 after 0.20 seconds
[0m20:16:47.835462 [debug] [MainThread]: Sending event: {'category': 'dbt', 'action': 'invocation', 'label': 'end', 'context': [<snowplow_tracker.self_describing_json.SelfDescribingJson object at 0x000001EFD6A18820>, <snowplow_tracker.self_describing_json.SelfDescribingJson object at 0x000001EFD8A8E310>, <snowplow_tracker.self_describing_json.SelfDescribingJson object at 0x000001EFD8A8E520>]}
[0m20:16:47.835462 [debug] [MainThread]: Flushing usage events
[0m20:16:48.736093 [debug] [MainThread]: An error was encountered while trying to flush usage events
